<?xml version="1.0" encoding="UTF-8"?>
<!-- Generated by org.testng.reporters.JUnitReportReporter -->
<testsuite hostname="DebaduttaDell" failures="0" tests="1" name="tests.LoginTest" time="0.705" errors="0" timestamp="2025-06-19T16:12:04 IST" skipped="0">
  <testcase classname="tests.LoginTest" name="testValidLogin" time="0.705"/>
</testsuite> <!-- tests.LoginTest -->
