<?xml version="1.0" encoding="UTF-8"?>
<!-- Generated by org.testng.reporters.JUnitReportReporter -->
<testsuite hostname="DebaduttaDell" failures="0" tests="1" name="tests.LoginTest" time="2.056" errors="0" timestamp="2025-06-19T12:01:21 IST" skipped="0">
  <testcase classname="tests.LoginTest" name="testValidLogin" time="2.056"/>
</testsuite> <!-- tests.LoginTest -->
